  Camera.cpp
C:\Users\diego\OneDrive\Desktop\Practica10\Practica10\Practica10\Camera.h(3,10): fatal  error C1083: No se puede abrir el archivo incluir: 'glew.h': No such file or directory
  DirectionalLight.cpp
C:\Users\diego\OneDrive\Desktop\Practica10\Practica10\Practica10\Light.h(3,10): fatal  error C1083: No se puede abrir el archivo incluir: 'glew.h': No such file or directory
  Light.cpp
C:\Users\diego\OneDrive\Desktop\Practica10\Practica10\Practica10\Light.h(3,10): fatal  error C1083: No se puede abrir el archivo incluir: 'glew.h': No such file or directory
  Material.cpp
C:\Users\diego\OneDrive\Desktop\Practica10\Practica10\Practica10\Material.h(3,10): fatal  error C1083: No se puede abrir el archivo incluir: 'glew.h': No such file or directory
  Mesh_tn.cpp
C:\Users\diego\OneDrive\Desktop\Practica10\Practica10\Practica10\Mesh.h(3,10): fatal  error C1083: No se puede abrir el archivo incluir: 'glew.h': No such file or directory
  Model.cpp
C:\Users\diego\OneDrive\Desktop\Practica10\Practica10\Practica10\Model.h(4,9): fatal  error C1083: No se puede abrir el archivo incluir: 'assimp/Importer.hpp': No such file or directory
  PointLight.cpp
C:\Users\diego\OneDrive\Desktop\Practica10\Practica10\Practica10\Light.h(3,10): fatal  error C1083: No se puede abrir el archivo incluir: 'glew.h': No such file or directory
  ProyectoFinal.cpp
C:\Users\diego\OneDrive\Desktop\Practica10\Practica10\Practica10\ProyectoFinal.cpp(18,10): fatal  error C1083: No se puede abrir el archivo incluir: 'glew.h': No such file or directory
  Shader_light.cpp
C:\Users\diego\OneDrive\Desktop\Practica10\Practica10\Practica10\Shader_light.h(7,10): fatal  error C1083: No se puede abrir el archivo incluir: 'glew.h': No such file or directory
  Skybox.cpp
C:\Users\diego\OneDrive\Desktop\Practica10\Practica10\Practica10\Skybox.h(6,9): fatal  error C1083: No se puede abrir el archivo incluir: 'glew.h': No such file or directory
  Sphere.cpp
C:\Users\diego\OneDrive\Desktop\Practica10\Practica10\Practica10\definition.h(11,10): fatal  error C1083: No se puede abrir el archivo incluir: 'glm.hpp': No such file or directory
  SpotLight.cpp
C:\Users\diego\OneDrive\Desktop\Practica10\Practica10\Practica10\Light.h(3,10): fatal  error C1083: No se puede abrir el archivo incluir: 'glew.h': No such file or directory
  Texture.cpp
C:\Users\diego\OneDrive\Desktop\Practica10\Practica10\Practica10\Texture.h(2,9): fatal  error C1083: No se puede abrir el archivo incluir: 'glew.h': No such file or directory
  Window.cpp
C:\Users\diego\OneDrive\Desktop\Practica10\Practica10\Practica10\Window.h(3,9): fatal  error C1083: No se puede abrir el archivo incluir: 'glew.h': No such file or directory
  Generando código...
